5.7542 	WARNING 	User requested fullscreen with size [1024  768], but screen is actually [1280, 800]. Using actual size
6.4461 	EXP 	Created window1 = Window(allowGUI=False, allowStencil=False, args=UNKNOWN, autoLog=True, bitsMode=UNKNOWN, blendMode='avg', color=array([0., 0., 0.]), colorSpace='rgb', fullscr=<method-wrapper '__getattribute__' of attributeSetter object at 0x13178fbe0>, gamma=None, gammaErrorPolicy='raise', kwargs=UNKNOWN, lms=UNKNOWN, monitor=<psychopy.monitors.calibTools.Monitor object at 0x131667ac8>, multiSample=False, name='window1', numSamples=2, pos=[320.0, 200.0], screen=0, size=array([2560, 1600]), stereo=False, units='height', useFBO=True, useRetina=True, viewOri=0.0, viewPos=None, viewScale=None, waitBlanking=True, winType='pyglet')
6.4461 	EXP 	window1: recordFrameIntervals = False
6.6120 	EXP 	window1: recordFrameIntervals = True
6.7952 	EXP 	window1: recordFrameIntervals = False
7.1253 	EXP 	Created image_trial = ImageStim(__class__=<class 'psychopy.visual.image.ImageStim'>, autoLog=True, color=array([1., 1., 1.]), colorSpace='rgb', contrast=1.0, depth=0.0, flipHoriz=False, flipVert=False, image='sin', interpolate=True, mask=None, maskParams=None, name='image_trial', opacity=1.0, ori=0.0, pos=array([0., 0.]), size=array([0.5, 0.5]), texRes=128, units='height', win=Window(...))
7.2489 	EXP 	Created sequence: random, trialTypes=1, nReps=10000, seed=None
7.3037 	EXP 	New trial (rep=0, index=0): None
7.4504 	EXP 	image_trial: image = 'imgs/1.jpg'
7.4504 	EXP 	image_trial: autoDraw = True
8.1321 	EXP 	New trial (rep=1, index=0): None
8.5642 	DATA 	Keypress: right
8.6198 	EXP 	image_trial: autoDraw = False
8.6198 	EXP 	image_trial: image = 'imgs/2.jpg'
8.6198 	EXP 	image_trial: autoDraw = True
12.0709 	EXP 	New trial (rep=2, index=0): None
12.1299 	DATA 	Keypress: right
12.1336 	DATA 	Keypress: right
12.1504 	EXP 	image_trial: autoDraw = False
12.1504 	EXP 	image_trial: image = 'imgs/3.jpg'
12.1504 	EXP 	image_trial: autoDraw = True
12.7232 	EXP 	New trial (rep=3, index=0): None
12.7806 	DATA 	Keypress: right
12.8001 	EXP 	image_trial: autoDraw = False
12.8001 	EXP 	image_trial: image = 'imgs/1.jpg'
12.8001 	EXP 	image_trial: autoDraw = True
13.3691 	EXP 	New trial (rep=4, index=0): None
13.7773 	DATA 	Keypress: right
13.8011 	EXP 	image_trial: autoDraw = False
13.8011 	EXP 	image_trial: image = 'imgs/2.jpg'
13.8011 	EXP 	image_trial: autoDraw = True
14.1430 	EXP 	New trial (rep=5, index=0): None
14.2010 	DATA 	Keypress: right
14.2042 	DATA 	Keypress: right
14.2188 	EXP 	image_trial: autoDraw = False
14.2188 	EXP 	image_trial: image = 'imgs/3.jpg'
14.2188 	EXP 	image_trial: autoDraw = True
14.7220 	EXP 	New trial (rep=6, index=0): None
14.7823 	DATA 	Keypress: right
14.7856 	DATA 	Keypress: right
14.8017 	EXP 	image_trial: autoDraw = False
14.8017 	EXP 	image_trial: image = 'imgs/1.jpg'
14.8017 	EXP 	image_trial: autoDraw = True
15.2434 	EXP 	New trial (rep=7, index=0): None
15.6447 	DATA 	Keypress: right
15.6484 	DATA 	Keypress: right
15.6715 	EXP 	image_trial: autoDraw = False
15.6715 	EXP 	image_trial: image = 'imgs/2.jpg'
15.6715 	EXP 	image_trial: autoDraw = True
16.2908 	EXP 	New trial (rep=8, index=0): None
16.3449 	DATA 	Keypress: right
16.3691 	EXP 	image_trial: autoDraw = False
16.3691 	EXP 	image_trial: image = 'imgs/3.jpg'
16.3691 	EXP 	image_trial: autoDraw = True
16.9997 	EXP 	New trial (rep=9, index=0): None
17.0541 	DATA 	Keypress: right
17.0698 	EXP 	image_trial: autoDraw = False
17.0698 	EXP 	image_trial: image = 'imgs/1.jpg'
17.0698 	EXP 	image_trial: autoDraw = True
17.6320 	EXP 	New trial (rep=10, index=0): None
18.0409 	DATA 	Keypress: right
18.0447 	DATA 	Keypress: right
18.0700 	EXP 	image_trial: autoDraw = False
18.0700 	EXP 	image_trial: image = 'imgs/2.jpg'
18.0700 	EXP 	image_trial: autoDraw = True
18.6177 	EXP 	New trial (rep=11, index=0): None
18.6719 	DATA 	Keypress: right
18.6870 	EXP 	image_trial: autoDraw = False
18.6870 	EXP 	image_trial: image = 'imgs/3.jpg'
18.6870 	EXP 	image_trial: autoDraw = True
19.3563 	EXP 	New trial (rep=12, index=0): None
19.4112 	DATA 	Keypress: right
19.4145 	DATA 	Keypress: right
19.4366 	EXP 	image_trial: autoDraw = False
19.4366 	EXP 	image_trial: image = 'imgs/1.jpg'
19.4366 	EXP 	image_trial: autoDraw = True
19.8653 	EXP 	New trial (rep=13, index=0): None
20.2764 	DATA 	Keypress: right
20.2799 	DATA 	Keypress: right
20.2837 	DATA 	Keypress: right
20.2872 	DATA 	Keypress: right
20.3109 	EXP 	image_trial: autoDraw = False
20.3109 	EXP 	image_trial: image = 'imgs/2.jpg'
20.3109 	EXP 	image_trial: autoDraw = True
20.6629 	EXP 	New trial (rep=14, index=0): None
20.7159 	DATA 	Keypress: right
20.7193 	DATA 	Keypress: right
20.7375 	EXP 	image_trial: autoDraw = False
20.7375 	EXP 	image_trial: image = 'imgs/3.jpg'
20.7375 	EXP 	image_trial: autoDraw = True
21.0454 	EXP 	New trial (rep=15, index=0): None
21.1003 	DATA 	Keypress: right
21.1033 	DATA 	Keypress: right
21.1225 	EXP 	image_trial: autoDraw = False
21.1225 	EXP 	image_trial: image = 'imgs/1.jpg'
21.1225 	EXP 	image_trial: autoDraw = True
21.4401 	EXP 	New trial (rep=16, index=0): None
21.8480 	DATA 	Keypress: right
21.8518 	DATA 	Keypress: right
21.8553 	DATA 	Keypress: right
21.8796 	EXP 	image_trial: autoDraw = False
21.8796 	EXP 	image_trial: image = 'imgs/2.jpg'
21.8796 	EXP 	image_trial: autoDraw = True
22.1323 	EXP 	New trial (rep=17, index=0): None
22.1864 	DATA 	Keypress: right
22.1896 	DATA 	Keypress: right
22.2056 	EXP 	image_trial: autoDraw = False
22.2056 	EXP 	image_trial: image = 'imgs/3.jpg'
22.2056 	EXP 	image_trial: autoDraw = True
22.5955 	EXP 	New trial (rep=18, index=0): None
22.6518 	DATA 	Keypress: right
22.6554 	DATA 	Keypress: right
22.6724 	EXP 	image_trial: autoDraw = False
22.6724 	EXP 	image_trial: image = 'imgs/1.jpg'
22.6724 	EXP 	image_trial: autoDraw = True
23.0517 	EXP 	New trial (rep=19, index=0): None
23.4808 	DATA 	Keypress: right
23.4848 	DATA 	Keypress: right
23.4886 	DATA 	Keypress: right
23.5122 	EXP 	image_trial: autoDraw = False
23.5122 	EXP 	image_trial: image = 'imgs/2.jpg'
23.5122 	EXP 	image_trial: autoDraw = True
23.8369 	EXP 	New trial (rep=20, index=0): None
23.8916 	DATA 	Keypress: right
23.9067 	EXP 	image_trial: autoDraw = False
23.9067 	EXP 	image_trial: image = 'imgs/3.jpg'
23.9067 	EXP 	image_trial: autoDraw = True
24.3176 	EXP 	New trial (rep=21, index=0): None
24.3732 	DATA 	Keypress: right
24.3765 	DATA 	Keypress: right
24.3928 	EXP 	image_trial: autoDraw = False
24.3928 	EXP 	image_trial: image = 'imgs/1.jpg'
24.3928 	EXP 	image_trial: autoDraw = True
24.8072 	EXP 	New trial (rep=22, index=0): None
25.2258 	DATA 	Keypress: right
25.2296 	DATA 	Keypress: right
25.2543 	EXP 	image_trial: autoDraw = False
25.2543 	EXP 	image_trial: image = 'imgs/2.jpg'
25.2543 	EXP 	image_trial: autoDraw = True
25.5061 	EXP 	New trial (rep=23, index=0): None
25.5623 	DATA 	Keypress: right
25.5655 	DATA 	Keypress: right
25.5911 	EXP 	image_trial: autoDraw = False
25.5911 	EXP 	image_trial: image = 'imgs/3.jpg'
25.5911 	EXP 	image_trial: autoDraw = True
26.1046 	EXP 	New trial (rep=24, index=0): None
26.1607 	DATA 	Keypress: right
26.1770 	EXP 	image_trial: autoDraw = False
26.1770 	EXP 	image_trial: image = 'imgs/1.jpg'
26.1770 	EXP 	image_trial: autoDraw = True
26.4227 	EXP 	New trial (rep=25, index=0): None
26.8467 	DATA 	Keypress: right
26.8503 	DATA 	Keypress: right
26.8759 	EXP 	image_trial: autoDraw = False
26.8759 	EXP 	image_trial: image = 'imgs/2.jpg'
26.8759 	EXP 	image_trial: autoDraw = True
27.3726 	EXP 	New trial (rep=26, index=0): None
27.4276 	DATA 	Keypress: right
27.4424 	EXP 	image_trial: autoDraw = False
27.4424 	EXP 	image_trial: image = 'imgs/3.jpg'
27.4424 	EXP 	image_trial: autoDraw = True
27.8600 	EXP 	New trial (rep=27, index=0): None
27.9165 	DATA 	Keypress: right
27.9413 	EXP 	image_trial: autoDraw = False
27.9413 	EXP 	image_trial: image = 'imgs/1.jpg'
27.9413 	EXP 	image_trial: autoDraw = True
28.2826 	EXP 	New trial (rep=28, index=0): None
28.6987 	DATA 	Keypress: right
28.7024 	DATA 	Keypress: right
28.7263 	EXP 	image_trial: autoDraw = False
28.7263 	EXP 	image_trial: image = 'imgs/2.jpg'
28.7263 	EXP 	image_trial: autoDraw = True
29.2435 	EXP 	New trial (rep=29, index=0): None
29.2953 	DATA 	Keypress: right
29.3098 	EXP 	image_trial: autoDraw = False
29.3098 	EXP 	image_trial: image = 'imgs/3.jpg'
29.3098 	EXP 	image_trial: autoDraw = True
29.7930 	EXP 	New trial (rep=30, index=0): None
29.8481 	DATA 	Keypress: right
29.8647 	EXP 	image_trial: autoDraw = False
29.8647 	EXP 	image_trial: image = 'imgs/1.jpg'
29.8647 	EXP 	image_trial: autoDraw = True
30.8289 	EXP 	New trial (rep=31, index=0): None
31.2306 	DATA 	Keypress: right
31.2540 	EXP 	image_trial: autoDraw = False
31.2540 	EXP 	image_trial: image = 'imgs/2.jpg'
31.2540 	EXP 	image_trial: autoDraw = True
31.5337 	EXP 	New trial (rep=32, index=0): None
31.5890 	DATA 	Keypress: right
31.6113 	EXP 	image_trial: autoDraw = False
31.6113 	EXP 	image_trial: image = 'imgs/3.jpg'
31.6113 	EXP 	image_trial: autoDraw = True
32.3109 	EXP 	New trial (rep=33, index=0): None
32.3657 	DATA 	Keypress: right
32.3820 	EXP 	image_trial: autoDraw = False
32.3820 	EXP 	image_trial: image = 'imgs/1.jpg'
32.3820 	EXP 	image_trial: autoDraw = True
32.9270 	EXP 	New trial (rep=34, index=0): None
33.3270 	DATA 	Keypress: right
33.3312 	DATA 	Keypress: right
33.3543 	EXP 	image_trial: autoDraw = False
33.3543 	EXP 	image_trial: image = 'imgs/2.jpg'
33.3543 	EXP 	image_trial: autoDraw = True
34.6760 	EXP 	New trial (rep=35, index=0): None
34.7310 	DATA 	Keypress: right
34.7457 	EXP 	image_trial: autoDraw = False
34.7457 	EXP 	image_trial: image = 'imgs/3.jpg'
34.7457 	EXP 	image_trial: autoDraw = True
35.4976 	EXP 	New trial (rep=36, index=0): None
35.5521 	DATA 	Keypress: right
35.5685 	EXP 	image_trial: autoDraw = False
35.5685 	EXP 	image_trial: image = 'imgs/1.jpg'
35.5685 	EXP 	image_trial: autoDraw = True
36.1620 	EXP 	New trial (rep=37, index=0): None
36.5627 	DATA 	Keypress: right
36.5868 	EXP 	image_trial: autoDraw = False
36.5868 	EXP 	image_trial: image = 'imgs/2.jpg'
36.5868 	EXP 	image_trial: autoDraw = True
36.9809 	EXP 	New trial (rep=38, index=0): None
37.0333 	DATA 	Keypress: right
37.0956 	EXP 	image_trial: autoDraw = False
37.0956 	EXP 	image_trial: image = 'imgs/3.jpg'
37.0956 	EXP 	image_trial: autoDraw = True
37.6472 	EXP 	New trial (rep=39, index=0): None
37.7127 	DATA 	Keypress: right
37.7293 	EXP 	image_trial: autoDraw = False
37.7293 	EXP 	image_trial: image = 'imgs/1.jpg'
37.7293 	EXP 	image_trial: autoDraw = True
38.2284 	EXP 	New trial (rep=40, index=0): None
38.6240 	DATA 	Keypress: right
38.6473 	EXP 	image_trial: autoDraw = False
38.6473 	EXP 	image_trial: image = 'imgs/2.jpg'
38.6473 	EXP 	image_trial: autoDraw = True
39.1608 	EXP 	New trial (rep=41, index=0): None
39.2134 	DATA 	Keypress: right
39.2306 	EXP 	image_trial: autoDraw = False
39.2306 	EXP 	image_trial: image = 'imgs/3.jpg'
39.2306 	EXP 	image_trial: autoDraw = True
39.9281 	EXP 	New trial (rep=42, index=0): None
39.9809 	DATA 	Keypress: right
39.9973 	EXP 	image_trial: autoDraw = False
39.9973 	EXP 	image_trial: image = 'imgs/1.jpg'
39.9973 	EXP 	image_trial: autoDraw = True
41.5154 	EXP 	New trial (rep=43, index=0): None
41.9100 	DATA 	Keypress: right
41.9141 	DATA 	Keypress: right
41.9362 	EXP 	image_trial: autoDraw = False
41.9362 	EXP 	image_trial: image = 'imgs/2.jpg'
41.9362 	EXP 	image_trial: autoDraw = True
44.0154 	EXP 	New trial (rep=44, index=0): None
44.0671 	DATA 	Keypress: right
44.0824 	EXP 	image_trial: autoDraw = False
44.0824 	EXP 	image_trial: image = 'imgs/3.jpg'
44.0824 	EXP 	image_trial: autoDraw = True
46.3498 	EXP 	New trial (rep=45, index=0): None
46.4030 	DATA 	Keypress: right
46.4191 	EXP 	image_trial: autoDraw = False
46.4191 	EXP 	image_trial: image = 'imgs/1.jpg'
46.4191 	EXP 	image_trial: autoDraw = True
48.9171 	EXP 	New trial (rep=46, index=0): None
49.3116 	DATA 	Keypress: right
49.3386 	EXP 	image_trial: autoDraw = False
49.3386 	EXP 	image_trial: image = 'imgs/2.jpg'
49.3386 	EXP 	image_trial: autoDraw = True
50.2669 	EXP 	New trial (rep=47, index=0): None
50.3184 	DATA 	Keypress: right
50.3352 	EXP 	image_trial: autoDraw = False
50.3352 	EXP 	image_trial: image = 'imgs/3.jpg'
50.3352 	EXP 	image_trial: autoDraw = True
53.8029 	EXP 	New trial (rep=48, index=0): None
53.8561 	DATA 	Keypress: right
53.8719 	EXP 	image_trial: autoDraw = False
53.8719 	EXP 	image_trial: image = 'imgs/1.jpg'
53.8719 	EXP 	image_trial: autoDraw = True
54.6854 	EXP 	New trial (rep=49, index=0): None
55.0804 	DATA 	Keypress: right
55.1044 	EXP 	image_trial: autoDraw = False
55.1044 	EXP 	image_trial: image = 'imgs/2.jpg'
55.1044 	EXP 	image_trial: autoDraw = True
55.5695 	EXP 	New trial (rep=50, index=0): None
55.6229 	DATA 	Keypress: right
55.6378 	EXP 	image_trial: autoDraw = False
55.6378 	EXP 	image_trial: image = 'imgs/3.jpg'
55.6378 	EXP 	image_trial: autoDraw = True
56.2229 	EXP 	New trial (rep=51, index=0): None
56.2784 	DATA 	Keypress: right
56.2943 	EXP 	image_trial: autoDraw = False
56.2943 	EXP 	image_trial: image = 'imgs/1.jpg'
56.2943 	EXP 	image_trial: autoDraw = True
56.8725 	EXP 	New trial (rep=52, index=0): None
56.9149 	DATA 	Keypress: left
56.9388 	EXP 	image_trial: autoDraw = False
56.9388 	EXP 	image_trial: image = 'imgs/3.jpg'
56.9388 	EXP 	image_trial: autoDraw = True
57.5705 	EXP 	New trial (rep=53, index=0): None
57.9686 	DATA 	Keypress: left
57.9917 	EXP 	image_trial: autoDraw = False
57.9917 	EXP 	image_trial: image = 'imgs/2.jpg'
57.9917 	EXP 	image_trial: autoDraw = True
61.3049 	EXP 	New trial (rep=54, index=0): None
61.3573 	DATA 	Keypress: right
61.3743 	EXP 	image_trial: autoDraw = False
61.3743 	EXP 	image_trial: image = 'imgs/3.jpg'
61.3743 	EXP 	image_trial: autoDraw = True
61.9239 	EXP 	New trial (rep=55, index=0): None
62.3209 	DATA 	Keypress: left
62.3249 	DATA 	Keypress: left
62.3480 	EXP 	image_trial: autoDraw = False
62.3480 	EXP 	image_trial: image = 'imgs/2.jpg'
62.3480 	EXP 	image_trial: autoDraw = True
80.4831 	EXP 	New trial (rep=56, index=0): None
80.5409 	DATA 	Keypress: right
80.5666 	EXP 	image_trial: autoDraw = False
80.5666 	EXP 	image_trial: image = 'imgs/3.jpg'
80.5666 	EXP 	image_trial: autoDraw = True
90.8379 	EXP 	New trial (rep=57, index=0): None
90.8946 	DATA 	Keypress: right
90.9119 	EXP 	image_trial: autoDraw = False
90.9119 	EXP 	image_trial: image = 'imgs/1.jpg'
90.9119 	EXP 	image_trial: autoDraw = True
107.1699 	EXP 	New trial (rep=58, index=0): None
107.5930 	DATA 	Keypress: right
107.6192 	EXP 	image_trial: autoDraw = False
107.6192 	EXP 	image_trial: image = 'imgs/2.jpg'
107.6192 	EXP 	image_trial: autoDraw = True
137.0229 	EXP 	New trial (rep=59, index=0): None
137.0845 	DATA 	Keypress: right
137.1095 	EXP 	image_trial: autoDraw = False
137.1095 	EXP 	image_trial: image = 'imgs/3.jpg'
137.1095 	EXP 	image_trial: autoDraw = True
138.8143 	DATA 	Keypress: escape
139.1542 	EXP 	window1: mouseVisible = True
