7.5611 	WARNING 	User requested fullscreen with size [1024  768], but screen is actually [1280, 800]. Using actual size
8.2330 	EXP 	Created window1 = Window(allowGUI=False, allowStencil=False, args=UNKNOWN, autoLog=True, bitsMode=UNKNOWN, blendMode='avg', color=array([0., 0., 0.]), colorSpace='rgb', fullscr=<method-wrapper '__getattribute__' of attributeSetter object at 0x131b8ccf8>, gamma=None, gammaErrorPolicy='raise', kwargs=UNKNOWN, lms=UNKNOWN, monitor=<psychopy.monitors.calibTools.Monitor object at 0x131a1cbe0>, multiSample=False, name='window1', numSamples=2, pos=[320.0, 200.0], screen=0, size=array([2560, 1600]), stereo=False, units='height', useFBO=True, useRetina=True, viewOri=0.0, viewPos=None, viewScale=None, waitBlanking=True, winType='pyglet')
8.2331 	EXP 	window1: recordFrameIntervals = False
8.3993 	EXP 	window1: recordFrameIntervals = True
8.5834 	EXP 	window1: recordFrameIntervals = False
9.1036 	EXP 	Created text_welcome = TextStim(__class__=<class 'psychopy.visual.text.TextStim'>, alignHoriz='center', alignVert='center', antialias=True, autoLog=True, bold=False, color='white', colorSpace='named', contrast=1.0, depth=0.0, flipHoriz=False, flipVert=False, font='Arial', fontFiles=[], height=0.1, italic=False, languageStyle='LTR', name='text_welcome', opacity=1.0, ori=0, pos=array([0., 0.]), rgb=array([255., 255., 255.]), text=str(...), units='height', win=Window(...), wrapWidth=1)
9.1278 	EXP 	Created image_trial = ImageStim(__class__=<class 'psychopy.visual.image.ImageStim'>, autoLog=True, color=array([1., 1., 1.]), colorSpace='rgb', contrast=1.0, depth=0.0, flipHoriz=False, flipVert=False, image='sin', interpolate=True, mask=None, maskParams=None, name='image_trial', opacity=1.0, ori=0.0, pos=array([0., 0.]), size=array([0.5, 0.5]), texRes=128, units='height', win=Window(...))
9.1668 	EXP 	text_welcome: autoDraw = True
11.7854 	EXP 	Created sequence: random, trialTypes=1, nReps=10000, seed=None
11.8411 	EXP 	New trial (rep=0, index=0): None
11.9715 	DATA 	Keypress: space
11.9901 	EXP 	text_welcome: autoDraw = False
11.9901 	EXP 	image_trial: image = 'imgs/1.jpg'
11.9901 	EXP 	image_trial: autoDraw = True
13.1549 	EXP 	New trial (rep=1, index=0): None
13.5750 	DATA 	Keypress: right
13.6109 	EXP 	image_trial: autoDraw = False
13.6109 	EXP 	image_trial: image = 'imgs/2.jpg'
13.6109 	EXP 	image_trial: autoDraw = True
14.2083 	EXP 	New trial (rep=2, index=0): None
14.2657 	DATA 	Keypress: right
14.2855 	EXP 	image_trial: autoDraw = False
14.2855 	EXP 	image_trial: image = 'imgs/3.jpg'
14.2855 	EXP 	image_trial: autoDraw = True
14.8729 	EXP 	New trial (rep=3, index=0): None
14.9263 	DATA 	Keypress: right
14.9423 	EXP 	image_trial: autoDraw = False
14.9423 	EXP 	image_trial: image = 'imgs/1.jpg'
14.9423 	EXP 	image_trial: autoDraw = True
15.4967 	EXP 	New trial (rep=4, index=0): None
15.9055 	DATA 	Keypress: right
15.9074 	DATA 	Keypress: right
15.9312 	EXP 	image_trial: autoDraw = False
15.9312 	EXP 	image_trial: image = 'imgs/2.jpg'
15.9312 	EXP 	image_trial: autoDraw = True
16.8087 	EXP 	New trial (rep=5, index=0): None
16.8623 	DATA 	Keypress: right
16.8857 	EXP 	image_trial: autoDraw = False
16.8857 	EXP 	image_trial: image = 'imgs/3.jpg'
16.8857 	EXP 	image_trial: autoDraw = True
17.4571 	EXP 	New trial (rep=6, index=0): None
17.5112 	DATA 	Keypress: right
17.5377 	EXP 	image_trial: autoDraw = False
17.5377 	EXP 	image_trial: image = 'imgs/1.jpg'
17.5377 	EXP 	image_trial: autoDraw = True
18.0635 	EXP 	New trial (rep=7, index=0): None
18.4786 	DATA 	Keypress: right
18.5043 	EXP 	image_trial: autoDraw = False
18.5043 	EXP 	image_trial: image = 'imgs/2.jpg'
18.5043 	EXP 	image_trial: autoDraw = True
18.8390 	DATA 	Keypress: left
19.0829 	EXP 	New trial (rep=8, index=0): None
19.1707 	EXP 	image_trial: autoDraw = False
19.1707 	EXP 	image_trial: image = 'imgs/1.jpg'
19.1707 	EXP 	image_trial: autoDraw = True
20.0166 	EXP 	New trial (rep=9, index=0): None
20.0592 	DATA 	Keypress: left
20.0741 	EXP 	image_trial: autoDraw = False
20.0741 	EXP 	image_trial: image = 'imgs/3.jpg'
20.0741 	EXP 	image_trial: autoDraw = True
20.5994 	EXP 	New trial (rep=10, index=0): None
21.0245 	DATA 	Keypress: left
21.0482 	EXP 	image_trial: autoDraw = False
21.0482 	EXP 	image_trial: image = 'imgs/2.jpg'
21.0482 	EXP 	image_trial: autoDraw = True
21.5696 	EXP 	New trial (rep=11, index=0): None
21.6397 	DATA 	Keypress: left
21.6559 	EXP 	image_trial: autoDraw = False
21.6559 	EXP 	image_trial: image = 'imgs/1.jpg'
21.6559 	EXP 	image_trial: autoDraw = True
22.2290 	EXP 	New trial (rep=12, index=0): None
22.2713 	DATA 	Keypress: left
22.2891 	EXP 	image_trial: autoDraw = False
22.2891 	EXP 	image_trial: image = 'imgs/3.jpg'
22.2891 	EXP 	image_trial: autoDraw = True
22.8460 	EXP 	New trial (rep=13, index=0): None
23.2531 	DATA 	Keypress: left
23.2766 	EXP 	image_trial: autoDraw = False
23.2766 	EXP 	image_trial: image = 'imgs/2.jpg'
23.2766 	EXP 	image_trial: autoDraw = True
23.7487 	EXP 	New trial (rep=14, index=0): None
23.8159 	DATA 	Keypress: left
23.8389 	EXP 	image_trial: autoDraw = False
23.8389 	EXP 	image_trial: image = 'imgs/1.jpg'
23.8389 	EXP 	image_trial: autoDraw = True
24.3982 	EXP 	New trial (rep=15, index=0): None
24.4411 	DATA 	Keypress: left
24.4565 	EXP 	image_trial: autoDraw = False
24.4565 	EXP 	image_trial: image = 'imgs/3.jpg'
24.4565 	EXP 	image_trial: autoDraw = True
24.9554 	EXP 	New trial (rep=16, index=0): None
25.3740 	DATA 	Keypress: left
25.3977 	EXP 	image_trial: autoDraw = False
25.3977 	EXP 	image_trial: image = 'imgs/2.jpg'
25.3977 	EXP 	image_trial: autoDraw = True
25.6484 	EXP 	New trial (rep=17, index=0): None
25.7171 	DATA 	Keypress: left
25.7408 	EXP 	image_trial: autoDraw = False
25.7408 	EXP 	image_trial: image = 'imgs/1.jpg'
25.7408 	EXP 	image_trial: autoDraw = True
26.3340 	EXP 	New trial (rep=18, index=0): None
26.3772 	DATA 	Keypress: left
26.3915 	EXP 	image_trial: autoDraw = False
26.3915 	EXP 	image_trial: image = 'imgs/3.jpg'
26.3915 	EXP 	image_trial: autoDraw = True
27.0061 	EXP 	New trial (rep=19, index=0): None
27.4227 	DATA 	Keypress: left
27.4464 	EXP 	image_trial: autoDraw = False
27.4464 	EXP 	image_trial: image = 'imgs/2.jpg'
27.4464 	EXP 	image_trial: autoDraw = True
28.1412 	EXP 	New trial (rep=20, index=0): None
28.2097 	DATA 	Keypress: left
28.2256 	EXP 	image_trial: autoDraw = False
28.2256 	EXP 	image_trial: image = 'imgs/1.jpg'
28.2256 	EXP 	image_trial: autoDraw = True
29.3031 	EXP 	New trial (rep=21, index=0): None
29.3462 	DATA 	Keypress: left
29.3614 	EXP 	image_trial: autoDraw = False
29.3614 	EXP 	image_trial: image = 'imgs/3.jpg'
29.3614 	EXP 	image_trial: autoDraw = True
30.3236 	EXP 	New trial (rep=22, index=0): None
30.7392 	DATA 	Keypress: left
30.7410 	DATA 	Keypress: left
30.7651 	EXP 	image_trial: autoDraw = False
30.7651 	EXP 	image_trial: image = 'imgs/2.jpg'
30.7651 	EXP 	image_trial: autoDraw = True
31.6449 	EXP 	New trial (rep=23, index=0): None
31.6971 	DATA 	Keypress: right
31.7121 	EXP 	image_trial: autoDraw = False
31.7121 	EXP 	image_trial: image = 'imgs/3.jpg'
31.7121 	EXP 	image_trial: autoDraw = True
32.4810 	EXP 	New trial (rep=24, index=0): None
32.8901 	DATA 	Keypress: left
32.9128 	EXP 	image_trial: autoDraw = False
32.9128 	EXP 	image_trial: image = 'imgs/2.jpg'
32.9128 	EXP 	image_trial: autoDraw = True
33.5941 	EXP 	New trial (rep=25, index=0): None
33.6466 	DATA 	Keypress: right
33.6611 	EXP 	image_trial: autoDraw = False
33.6611 	EXP 	image_trial: image = 'imgs/3.jpg'
33.6611 	EXP 	image_trial: autoDraw = True
34.3622 	EXP 	New trial (rep=26, index=0): None
34.4147 	DATA 	Keypress: right
34.4302 	EXP 	image_trial: autoDraw = False
34.4302 	EXP 	image_trial: image = 'imgs/1.jpg'
34.4302 	EXP 	image_trial: autoDraw = True
35.2951 	EXP 	New trial (rep=27, index=0): None
35.3366 	DATA 	Keypress: left
35.3621 	EXP 	image_trial: autoDraw = False
35.3621 	EXP 	image_trial: image = 'imgs/3.jpg'
35.3621 	EXP 	image_trial: autoDraw = True
36.5462 	EXP 	New trial (rep=28, index=0): None
36.9557 	DATA 	Keypress: left
36.9801 	EXP 	image_trial: autoDraw = False
36.9801 	EXP 	image_trial: image = 'imgs/2.jpg'
36.9801 	EXP 	image_trial: autoDraw = True
37.7982 	EXP 	New trial (rep=29, index=0): None
37.8653 	DATA 	Keypress: left
37.8802 	EXP 	image_trial: autoDraw = False
37.8802 	EXP 	image_trial: image = 'imgs/1.jpg'
37.8802 	EXP 	image_trial: autoDraw = True
38.8462 	EXP 	New trial (rep=30, index=0): None
39.2471 	DATA 	Keypress: right
39.2693 	EXP 	image_trial: autoDraw = False
39.2693 	EXP 	image_trial: image = 'imgs/2.jpg'
39.2693 	EXP 	image_trial: autoDraw = True
40.1307 	EXP 	New trial (rep=31, index=0): None
40.1850 	DATA 	Keypress: right
40.1994 	EXP 	image_trial: autoDraw = False
40.1994 	EXP 	image_trial: image = 'imgs/3.jpg'
40.1994 	EXP 	image_trial: autoDraw = True
40.7822 	EXP 	New trial (rep=32, index=0): None
40.8358 	DATA 	Keypress: right
40.8513 	EXP 	image_trial: autoDraw = False
40.8513 	EXP 	image_trial: image = 'imgs/1.jpg'
40.8513 	EXP 	image_trial: autoDraw = True
41.4331 	EXP 	New trial (rep=33, index=0): None
41.8322 	DATA 	Keypress: right
41.8555 	EXP 	image_trial: autoDraw = False
41.8555 	EXP 	image_trial: image = 'imgs/2.jpg'
41.8555 	EXP 	image_trial: autoDraw = True
42.3138 	DATA 	Keypress: right
42.3315 	EXP 	image_trial: autoDraw = False
42.6990 	EXP 	window1: mouseVisible = True
